...found 10 targets...
...updating 5 targets...
compile-c-c++ libs\config\checks\architecture\bin\msvc-14.0\debug\threading-multi\32.obj
32.cpp
...updated 5 targets...
...found 2 targets...
...updating 1 target...
compile-c-c++ libs\config\checks\architecture\bin\msvc-14.0\debug\threading-multi\arm.obj
arm.cpp
libs\config\checks\architecture\arm.cpp(13): fatal error C1189: #error:  "Not ARM"

    call "C:\Users\Andrea\AppData\Local\Temp\b2_msvc_14.0_vcvarsall_x86.cmd" >nul
cl /Zm800 -nologo @"libs\config\checks\architecture\bin\msvc-14.0\debug\threading-multi\arm.obj.rsp" 

...failed compile-c-c++ libs\config\checks\architecture\bin\msvc-14.0\debug\threading-multi\arm.obj...
...failed updating 1 target...
...found 2 targets...
...updating 1 target...
compile-c-c++ libs\config\checks\architecture\bin\msvc-14.0\debug\threading-multi\mips1.obj
mips1.cpp
libs\config\checks\architecture\mips1.cpp(10): fatal error C1189: #error:  "Not MIPS1"

    call "C:\Users\Andrea\AppData\Local\Temp\b2_msvc_14.0_vcvarsall_x86.cmd" >nul
cl /Zm800 -nologo @"libs\config\checks\architecture\bin\msvc-14.0\debug\threading-multi\mips1.obj.rsp" 

...failed compile-c-c++ libs\config\checks\architecture\bin\msvc-14.0\debug\threading-multi\mips1.obj...
...failed updating 1 target...
...found 2 targets...
...updating 1 target...
compile-c-c++ libs\config\checks\architecture\bin\msvc-14.0\debug\threading-multi\power.obj
power.cpp
libs\config\checks\architecture\power.cpp(13): fatal error C1189: #error:  "Not PPC"

    call "C:\Users\Andrea\AppData\Local\Temp\b2_msvc_14.0_vcvarsall_x86.cmd" >nul
cl /Zm800 -nologo @"libs\config\checks\architecture\bin\msvc-14.0\debug\threading-multi\power.obj.rsp" 

...failed compile-c-c++ libs\config\checks\architecture\bin\msvc-14.0\debug\threading-multi\power.obj...
...failed updating 1 target...
...found 2 targets...
...updating 1 target...
compile-c-c++ libs\config\checks\architecture\bin\msvc-14.0\debug\threading-multi\sparc.obj
sparc.cpp
libs\config\checks\architecture\sparc.cpp(10): fatal error C1189: #error:  "Not SPARC"

    call "C:\Users\Andrea\AppData\Local\Temp\b2_msvc_14.0_vcvarsall_x86.cmd" >nul
cl /Zm800 -nologo @"libs\config\checks\architecture\bin\msvc-14.0\debug\threading-multi\sparc.obj.rsp" 

...failed compile-c-c++ libs\config\checks\architecture\bin\msvc-14.0\debug\threading-multi\sparc.obj...
...failed updating 1 target...
...found 2 targets...
...updating 1 target...
compile-c-c++ libs\config\checks\architecture\bin\msvc-14.0\debug\threading-multi\x86.obj
x86.cpp
...updated 1 target...
...found 3 targets...
...updating 3 targets...
link.touch bin.v2\test-symlink-source
link.mklink bin.v2\test-symlink
Non si dispone di privilegi sufficienti per eseguire questa operazione.

    if exist "bin.v2\test-symlink" del "bin.v2\test-symlink"
    mklink "bin.v2\test-symlink" "test-symlink-source"

...failed link.mklink bin.v2\test-symlink...
...failed updating 1 target...
...updated 2 targets...
...found 2 targets...
...updating 2 targets...
link.junction bin.v2\test-junction
Giunzione creata per bin.v2\test-junction <<===>> bin.v2\test-junction-source
...updated 2 targets...
...found 3 targets...
...updating 3 targets...
link.touch bin.v2\test-hardlink-source
link.hardlink bin.v2\symlink\test-hardlink
Collegamento reale creato per bin.v2\symlink\test-hardlink <<===>> bin.v2\test-hardlink-source
...updated 3 targets...
...found 102 targets...
...updating 8 targets...
compile-c-c++ bin.v2\libs\context\build\msvc-14.0\debug\threadapi-win32\threading-multi\cxx11_hdr_mutex_check.obj
cxx11_hdr_mutex.cpp
...updated 8 targets...
...found 8 targets...
...updating 7 targets...
compile-c-c++ bin.v2\libs\config\checks\msvc-14.0\debug\threadapi-win32\threading-multi\cxx11_auto_declarations.obj
test_case.cpp
...updated 7 targets...
...found 1 target...
...updating 1 target...
compile-c-c++ bin.v2\libs\config\checks\msvc-14.0\debug\threadapi-win32\threading-multi\cxx11_constexpr.obj
test_case.cpp
...updated 1 target...
...found 1 target...
...updating 1 target...
compile-c-c++ bin.v2\libs\config\checks\msvc-14.0\debug\threadapi-win32\threading-multi\cxx11_defaulted_functions.obj
test_case.cpp
...updated 1 target...
...found 1 target...
...updating 1 target...
compile-c-c++ bin.v2\libs\config\checks\msvc-14.0\debug\threadapi-win32\threading-multi\cxx11_final.obj
test_case.cpp
...updated 1 target...
...found 1 target...
...updating 1 target...
compile-c-c++ bin.v2\libs\config\checks\msvc-14.0\debug\threadapi-win32\threading-multi\cxx11_hdr_mutex.obj
test_case.cpp
...updated 1 target...
...found 1 target...
...updating 1 target...
compile-c-c++ bin.v2\libs\config\checks\msvc-14.0\debug\threadapi-win32\threading-multi\cxx11_hdr_regex.obj
test_case.cpp
...updated 1 target...
...found 1 target...
...updating 1 target...
compile-c-c++ bin.v2\libs\config\checks\msvc-14.0\debug\threadapi-win32\threading-multi\cxx11_hdr_tuple.obj
test_case.cpp
...updated 1 target...
...found 1 target...
...updating 1 target...
compile-c-c++ bin.v2\libs\config\checks\msvc-14.0\debug\threadapi-win32\threading-multi\cxx11_lambdas.obj
test_case.cpp
...updated 1 target...
...found 1 target...
...updating 1 target...
compile-c-c++ bin.v2\libs\config\checks\msvc-14.0\debug\threadapi-win32\threading-multi\cxx11_noexcept.obj
test_case.cpp
...updated 1 target...
...found 1 target...
...updating 1 target...
compile-c-c++ bin.v2\libs\config\checks\msvc-14.0\debug\threadapi-win32\threading-multi\cxx11_nullptr.obj
test_case.cpp
...updated 1 target...
...found 1 target...
...updating 1 target...
compile-c-c++ bin.v2\libs\config\checks\msvc-14.0\debug\threadapi-win32\threading-multi\cxx11_rvalue_references.obj
test_case.cpp
...updated 1 target...
...found 1 target...
...updating 1 target...
compile-c-c++ bin.v2\libs\config\checks\msvc-14.0\debug\threadapi-win32\threading-multi\cxx11_template_aliases.obj
test_case.cpp
...updated 1 target...
...found 1 target...
...updating 1 target...
compile-c-c++ bin.v2\libs\config\checks\msvc-14.0\debug\threadapi-win32\threading-multi\cxx11_thread_local.obj
test_case.cpp
...updated 1 target...
...found 1 target...
...updating 1 target...
compile-c-c++ bin.v2\libs\config\checks\msvc-14.0\debug\threadapi-win32\threading-multi\cxx11_variadic_templates.obj
test_case.cpp
...updated 1 target...
...found 31 targets...
...updating 10 targets...
compile-c-c++ bin.v2\libs\regex\build\msvc-14.0\debug\threadapi-win32\threading-multi\has_icu_test.obj
has_icu_test.cpp
libs\regex\build\has_icu_test.cpp(12): fatal error C1083: Non Š possibile aprire il file inclusione: 'unicode/uversion.h': No such file or directory

    call "C:\Users\Andrea\AppData\Local\Temp\b2_msvc_14.0_vcvarsall_x86.cmd" >nul
cl /Zm800 -nologo @"bin.v2\libs\regex\build\msvc-14.0\debug\threadapi-win32\threading-multi\has_icu_test.obj.rsp" 

...failed compile-c-c++ bin.v2\libs\regex\build\msvc-14.0\debug\threadapi-win32\threading-multi\has_icu_test.obj...
...skipped <pbin.v2\libs\regex\build\msvc-14.0\debug\threadapi-win32\threading-multi>has_icu.exe for lack of <pbin.v2\libs\regex\build\msvc-14.0\debug\threadapi-win32\threading-multi>has_icu_test.obj...
...skipped <pbin.v2\libs\regex\build\msvc-14.0\debug\threadapi-win32\threading-multi>has_icu.passed for lack of <pbin.v2\libs\regex\build\msvc-14.0\debug\threadapi-win32\threading-multi>has_icu.exe...
...failed updating 1 target...
...skipped 2 targets...
...updated 6 targets...
...found 12 targets...
...updating 10 targets...
compile-c-c++ bin.v2\standalone\ac\msvc-14.0\release\link-static\runtime-link-static\threadapi-win32\threading-multi\zlib_h.obj
zlib_h.cpp
bin.v2\standalone\ac\zlib_h.cpp(1): fatal error C1083: Non Š possibile aprire il file inclusione: 'zlib.h': No such file or directory

    call "C:\Users\Andrea\AppData\Local\Temp\b2_msvc_14.0_vcvarsall_x86.cmd" >nul
cl /Zm800 -nologo @"bin.v2\standalone\ac\msvc-14.0\release\link-static\runtime-link-static\threadapi-win32\threading-multi\zlib_h.obj.rsp" 

...failed compile-c-c++ bin.v2\standalone\ac\msvc-14.0\release\link-static\runtime-link-static\threadapi-win32\threading-multi\zlib_h.obj...
...failed updating 1 target...
...updated 9 targets...
...found 5 targets...
...updating 3 targets...
compile-c-c++ bin.v2\standalone\ac\msvc-14.0\release\link-static\runtime-link-static\threadapi-win32\threading-multi\main-z.obj
main-z.cpp
msvc.link bin.v2\standalone\ac\msvc-14.0\release\link-static\runtime-link-static\threadapi-win32\threading-multi\z.exe
LINK : fatal error LNK1181: impossibile aprire il file di input 'z.lib'

        call "C:\Users\Andrea\AppData\Local\Temp\b2_msvc_14.0_vcvarsall_x86.cmd" >nul
link /NOLOGO /INCREMENTAL:NO /MACHINE:X86 /MANIFEST /subsystem:console /out:"bin.v2\standalone\ac\msvc-14.0\release\link-static\runtime-link-static\threadapi-win32\threading-multi\z.exe"   @"bin.v2\standalone\ac\msvc-14.0\release\link-static\runtime-link-static\threadapi-win32\threading-multi\z.exe.rsp"
        if %ERRORLEVEL% NEQ 0 EXIT %ERRORLEVEL%
    
...failed msvc.link bin.v2\standalone\ac\msvc-14.0\release\link-static\runtime-link-static\threadapi-win32\threading-multi\z.exe...
...failed updating 1 target...
...updated 2 targets...
...found 5 targets...
...updating 3 targets...
compile-c-c++ bin.v2\standalone\ac\msvc-14.0\release\link-static\runtime-link-static\threadapi-win32\threading-multi\main-zlib.obj
main-zlib.cpp
msvc.link bin.v2\standalone\ac\msvc-14.0\release\link-static\runtime-link-static\threadapi-win32\threading-multi\zlib.exe
LINK : fatal error LNK1181: impossibile aprire il file di input 'zlib.lib'

        call "C:\Users\Andrea\AppData\Local\Temp\b2_msvc_14.0_vcvarsall_x86.cmd" >nul
link /NOLOGO /INCREMENTAL:NO /MACHINE:X86 /MANIFEST /subsystem:console /out:"bin.v2\standalone\ac\msvc-14.0\release\link-static\runtime-link-static\threadapi-win32\threading-multi\zlib.exe"   @"bin.v2\standalone\ac\msvc-14.0\release\link-static\runtime-link-static\threadapi-win32\threading-multi\zlib.exe.rsp"
        if %ERRORLEVEL% NEQ 0 EXIT %ERRORLEVEL%
    
...failed msvc.link bin.v2\standalone\ac\msvc-14.0\release\link-static\runtime-link-static\threadapi-win32\threading-multi\zlib.exe...
...failed updating 1 target...
...updated 2 targets...
...found 5 targets...
...updating 3 targets...
compile-c-c++ bin.v2\standalone\ac\msvc-14.0\release\link-static\runtime-link-static\threadapi-win32\threading-multi\main-zll.obj
main-zll.cpp
msvc.link bin.v2\standalone\ac\msvc-14.0\release\link-static\runtime-link-static\threadapi-win32\threading-multi\zll.exe
LINK : fatal error LNK1181: impossibile aprire il file di input 'zll.lib'

        call "C:\Users\Andrea\AppData\Local\Temp\b2_msvc_14.0_vcvarsall_x86.cmd" >nul
link /NOLOGO /INCREMENTAL:NO /MACHINE:X86 /MANIFEST /subsystem:console /out:"bin.v2\standalone\ac\msvc-14.0\release\link-static\runtime-link-static\threadapi-win32\threading-multi\zll.exe"   @"bin.v2\standalone\ac\msvc-14.0\release\link-static\runtime-link-static\threadapi-win32\threading-multi\zll.exe.rsp"
        if %ERRORLEVEL% NEQ 0 EXIT %ERRORLEVEL%
    
...failed msvc.link bin.v2\standalone\ac\msvc-14.0\release\link-static\runtime-link-static\threadapi-win32\threading-multi\zll.exe...
...failed updating 1 target...
...updated 2 targets...
...found 5 targets...
...updating 3 targets...
compile-c-c++ bin.v2\standalone\ac\msvc-14.0\release\link-static\runtime-link-static\threadapi-win32\threading-multi\main-zdll.obj
main-zdll.cpp
msvc.link bin.v2\standalone\ac\msvc-14.0\release\link-static\runtime-link-static\threadapi-win32\threading-multi\zdll.exe
LINK : fatal error LNK1181: impossibile aprire il file di input 'zdll.lib'

        call "C:\Users\Andrea\AppData\Local\Temp\b2_msvc_14.0_vcvarsall_x86.cmd" >nul
link /NOLOGO /INCREMENTAL:NO /MACHINE:X86 /MANIFEST /subsystem:console /out:"bin.v2\standalone\ac\msvc-14.0\release\link-static\runtime-link-static\threadapi-win32\threading-multi\zdll.exe"   @"bin.v2\standalone\ac\msvc-14.0\release\link-static\runtime-link-static\threadapi-win32\threading-multi\zdll.exe.rsp"
        if %ERRORLEVEL% NEQ 0 EXIT %ERRORLEVEL%
    
...failed msvc.link bin.v2\standalone\ac\msvc-14.0\release\link-static\runtime-link-static\threadapi-win32\threading-multi\zdll.exe...
...failed updating 1 target...
...updated 2 targets...
...found 5 targets...
...updating 5 targets...
compile-c-c++ bin.v2\standalone\ac\msvc-14.0\release\runtime-link-static\threadapi-win32\threading-multi\main-z.obj
main-z.cpp
msvc.link bin.v2\standalone\ac\msvc-14.0\release\runtime-link-static\threadapi-win32\threading-multi\z.exe
LINK : fatal error LNK1181: impossibile aprire il file di input 'z.lib'

        call "C:\Users\Andrea\AppData\Local\Temp\b2_msvc_14.0_vcvarsall_x86.cmd" >nul
link /NOLOGO /INCREMENTAL:NO /MACHINE:X86 /MANIFEST /subsystem:console /out:"bin.v2\standalone\ac\msvc-14.0\release\runtime-link-static\threadapi-win32\threading-multi\z.exe"   @"bin.v2\standalone\ac\msvc-14.0\release\runtime-link-static\threadapi-win32\threading-multi\z.exe.rsp"
        if %ERRORLEVEL% NEQ 0 EXIT %ERRORLEVEL%
    
...failed msvc.link bin.v2\standalone\ac\msvc-14.0\release\runtime-link-static\threadapi-win32\threading-multi\z.exe...
...failed updating 1 target...
...updated 4 targets...
...found 2 targets...
...updating 2 targets...
compile-c-c++ bin.v2\standalone\ac\msvc-14.0\release\runtime-link-static\threadapi-win32\threading-multi\main-zlib.obj
main-zlib.cpp
msvc.link bin.v2\standalone\ac\msvc-14.0\release\runtime-link-static\threadapi-win32\threading-multi\zlib.exe
LINK : fatal error LNK1181: impossibile aprire il file di input 'zlib.lib'

        call "C:\Users\Andrea\AppData\Local\Temp\b2_msvc_14.0_vcvarsall_x86.cmd" >nul
link /NOLOGO /INCREMENTAL:NO /MACHINE:X86 /MANIFEST /subsystem:console /out:"bin.v2\standalone\ac\msvc-14.0\release\runtime-link-static\threadapi-win32\threading-multi\zlib.exe"   @"bin.v2\standalone\ac\msvc-14.0\release\runtime-link-static\threadapi-win32\threading-multi\zlib.exe.rsp"
        if %ERRORLEVEL% NEQ 0 EXIT %ERRORLEVEL%
    
...failed msvc.link bin.v2\standalone\ac\msvc-14.0\release\runtime-link-static\threadapi-win32\threading-multi\zlib.exe...
...failed updating 1 target...
...updated 1 target...
...found 2 targets...
...updating 2 targets...
compile-c-c++ bin.v2\standalone\ac\msvc-14.0\release\runtime-link-static\threadapi-win32\threading-multi\main-zll.obj
main-zll.cpp
msvc.link bin.v2\standalone\ac\msvc-14.0\release\runtime-link-static\threadapi-win32\threading-multi\zll.exe
LINK : fatal error LNK1181: impossibile aprire il file di input 'zll.lib'

        call "C:\Users\Andrea\AppData\Local\Temp\b2_msvc_14.0_vcvarsall_x86.cmd" >nul
link /NOLOGO /INCREMENTAL:NO /MACHINE:X86 /MANIFEST /subsystem:console /out:"bin.v2\standalone\ac\msvc-14.0\release\runtime-link-static\threadapi-win32\threading-multi\zll.exe"   @"bin.v2\standalone\ac\msvc-14.0\release\runtime-link-static\threadapi-win32\threading-multi\zll.exe.rsp"
        if %ERRORLEVEL% NEQ 0 EXIT %ERRORLEVEL%
    
...failed msvc.link bin.v2\standalone\ac\msvc-14.0\release\runtime-link-static\threadapi-win32\threading-multi\zll.exe...
...failed updating 1 target...
...updated 1 target...
...found 2 targets...
...updating 2 targets...
compile-c-c++ bin.v2\standalone\ac\msvc-14.0\release\runtime-link-static\threadapi-win32\threading-multi\main-zdll.obj
main-zdll.cpp
msvc.link bin.v2\standalone\ac\msvc-14.0\release\runtime-link-static\threadapi-win32\threading-multi\zdll.exe
LINK : fatal error LNK1181: impossibile aprire il file di input 'zdll.lib'

        call "C:\Users\Andrea\AppData\Local\Temp\b2_msvc_14.0_vcvarsall_x86.cmd" >nul
link /NOLOGO /INCREMENTAL:NO /MACHINE:X86 /MANIFEST /subsystem:console /out:"bin.v2\standalone\ac\msvc-14.0\release\runtime-link-static\threadapi-win32\threading-multi\zdll.exe"   @"bin.v2\standalone\ac\msvc-14.0\release\runtime-link-static\threadapi-win32\threading-multi\zdll.exe.rsp"
        if %ERRORLEVEL% NEQ 0 EXIT %ERRORLEVEL%
    
...failed msvc.link bin.v2\standalone\ac\msvc-14.0\release\runtime-link-static\threadapi-win32\threading-multi\zdll.exe...
...failed updating 1 target...
...updated 1 target...
...found 4 targets...
...updating 2 targets...
compile-c-c++ bin.v2\standalone\ac\msvc-14.0\release\link-static\runtime-link-static\threadapi-win32\threading-multi\bzlib_h.obj
bzlib_h.cpp
bin.v2\standalone\ac\bzlib_h.cpp(1): fatal error C1083: Non Š possibile aprire il file inclusione: 'bzlib.h': No such file or directory

    call "C:\Users\Andrea\AppData\Local\Temp\b2_msvc_14.0_vcvarsall_x86.cmd" >nul
cl /Zm800 -nologo @"bin.v2\standalone\ac\msvc-14.0\release\link-static\runtime-link-static\threadapi-win32\threading-multi\bzlib_h.obj.rsp" 

...failed compile-c-c++ bin.v2\standalone\ac\msvc-14.0\release\link-static\runtime-link-static\threadapi-win32\threading-multi\bzlib_h.obj...
...failed updating 1 target...
...updated 1 target...
...found 5 targets...
...updating 3 targets...
compile-c-c++ bin.v2\standalone\ac\msvc-14.0\release\link-static\runtime-link-static\threadapi-win32\threading-multi\main-bz2.obj
main-bz2.cpp
msvc.link bin.v2\standalone\ac\msvc-14.0\release\link-static\runtime-link-static\threadapi-win32\threading-multi\bz2.exe
LINK : fatal error LNK1181: impossibile aprire il file di input 'bz2.lib'

        call "C:\Users\Andrea\AppData\Local\Temp\b2_msvc_14.0_vcvarsall_x86.cmd" >nul
link /NOLOGO /INCREMENTAL:NO /MACHINE:X86 /MANIFEST /subsystem:console /out:"bin.v2\standalone\ac\msvc-14.0\release\link-static\runtime-link-static\threadapi-win32\threading-multi\bz2.exe"   @"bin.v2\standalone\ac\msvc-14.0\release\link-static\runtime-link-static\threadapi-win32\threading-multi\bz2.exe.rsp"
        if %ERRORLEVEL% NEQ 0 EXIT %ERRORLEVEL%
    
...failed msvc.link bin.v2\standalone\ac\msvc-14.0\release\link-static\runtime-link-static\threadapi-win32\threading-multi\bz2.exe...
...failed updating 1 target...
...updated 2 targets...
...found 2 targets...
...updating 2 targets...
compile-c-c++ bin.v2\standalone\ac\msvc-14.0\release\runtime-link-static\threadapi-win32\threading-multi\main-bz2.obj
main-bz2.cpp
msvc.link bin.v2\standalone\ac\msvc-14.0\release\runtime-link-static\threadapi-win32\threading-multi\bz2.exe
LINK : fatal error LNK1181: impossibile aprire il file di input 'bz2.lib'

        call "C:\Users\Andrea\AppData\Local\Temp\b2_msvc_14.0_vcvarsall_x86.cmd" >nul
link /NOLOGO /INCREMENTAL:NO /MACHINE:X86 /MANIFEST /subsystem:console /out:"bin.v2\standalone\ac\msvc-14.0\release\runtime-link-static\threadapi-win32\threading-multi\bz2.exe"   @"bin.v2\standalone\ac\msvc-14.0\release\runtime-link-static\threadapi-win32\threading-multi\bz2.exe.rsp"
        if %ERRORLEVEL% NEQ 0 EXIT %ERRORLEVEL%
    
...failed msvc.link bin.v2\standalone\ac\msvc-14.0\release\runtime-link-static\threadapi-win32\threading-multi\bz2.exe...
...failed updating 1 target...
...updated 1 target...
...found 4 targets...
...updating 2 targets...
compile-c-c++ bin.v2\standalone\ac\msvc-14.0\release\link-static\runtime-link-static\threadapi-win32\threading-multi\lzma_h.obj
lzma_h.cpp
bin.v2\standalone\ac\lzma_h.cpp(1): fatal error C1083: Non Š possibile aprire il file inclusione: 'lzma.h': No such file or directory

    call "C:\Users\Andrea\AppData\Local\Temp\b2_msvc_14.0_vcvarsall_x86.cmd" >nul
cl /Zm800 -nologo @"bin.v2\standalone\ac\msvc-14.0\release\link-static\runtime-link-static\threadapi-win32\threading-multi\lzma_h.obj.rsp" 

...failed compile-c-c++ bin.v2\standalone\ac\msvc-14.0\release\link-static\runtime-link-static\threadapi-win32\threading-multi\lzma_h.obj...
...failed updating 1 target...
...updated 1 target...
...found 5 targets...
...updating 3 targets...
compile-c-c++ bin.v2\standalone\ac\msvc-14.0\release\link-static\runtime-link-static\threadapi-win32\threading-multi\main-lzma.obj
main-lzma.cpp
msvc.link bin.v2\standalone\ac\msvc-14.0\release\link-static\runtime-link-static\threadapi-win32\threading-multi\lzma.exe
LINK : fatal error LNK1181: impossibile aprire il file di input 'lzma.lib'

        call "C:\Users\Andrea\AppData\Local\Temp\b2_msvc_14.0_vcvarsall_x86.cmd" >nul
link /NOLOGO /INCREMENTAL:NO /MACHINE:X86 /MANIFEST /subsystem:console /out:"bin.v2\standalone\ac\msvc-14.0\release\link-static\runtime-link-static\threadapi-win32\threading-multi\lzma.exe"   @"bin.v2\standalone\ac\msvc-14.0\release\link-static\runtime-link-static\threadapi-win32\threading-multi\lzma.exe.rsp"
        if %ERRORLEVEL% NEQ 0 EXIT %ERRORLEVEL%
    
...failed msvc.link bin.v2\standalone\ac\msvc-14.0\release\link-static\runtime-link-static\threadapi-win32\threading-multi\lzma.exe...
...failed updating 1 target...
...updated 2 targets...
...found 2 targets...
...updating 2 targets...
compile-c-c++ bin.v2\standalone\ac\msvc-14.0\release\runtime-link-static\threadapi-win32\threading-multi\main-lzma.obj
main-lzma.cpp
msvc.link bin.v2\standalone\ac\msvc-14.0\release\runtime-link-static\threadapi-win32\threading-multi\lzma.exe
LINK : fatal error LNK1181: impossibile aprire il file di input 'lzma.lib'

        call "C:\Users\Andrea\AppData\Local\Temp\b2_msvc_14.0_vcvarsall_x86.cmd" >nul
link /NOLOGO /INCREMENTAL:NO /MACHINE:X86 /MANIFEST /subsystem:console /out:"bin.v2\standalone\ac\msvc-14.0\release\runtime-link-static\threadapi-win32\threading-multi\lzma.exe"   @"bin.v2\standalone\ac\msvc-14.0\release\runtime-link-static\threadapi-win32\threading-multi\lzma.exe.rsp"
        if %ERRORLEVEL% NEQ 0 EXIT %ERRORLEVEL%
    
...failed msvc.link bin.v2\standalone\ac\msvc-14.0\release\runtime-link-static\threadapi-win32\threading-multi\lzma.exe...
...failed updating 1 target...
...updated 1 target...
...found 11 targets...
...updating 9 targets...
compile-c-c++ bin.v2\libs\locale\build\msvc-14.0\debug\threadapi-win32\threading-multi\has_iconv_libc_obj.obj
has_iconv.cpp
libs\locale\src\..\build\has_iconv.cpp(8): fatal error C1083: Non Š possibile aprire il file inclusione: 'iconv.h': No such file or directory

    call "C:\Users\Andrea\AppData\Local\Temp\b2_msvc_14.0_vcvarsall_x86.cmd" >nul
cl /Zm800 -nologo @"bin.v2\libs\locale\build\msvc-14.0\debug\threadapi-win32\threading-multi\has_iconv_libc_obj.obj.rsp" 

...failed compile-c-c++ bin.v2\libs\locale\build\msvc-14.0\debug\threadapi-win32\threading-multi\has_iconv_libc_obj.obj...
...skipped <pbin.v2\libs\locale\build\msvc-14.0\debug\threadapi-win32\threading-multi>has_iconv.exe for lack of <pbin.v2\libs\locale\build\msvc-14.0\debug\threadapi-win32\threading-multi>has_iconv_libc_obj.obj...
...skipped <pbin.v2\libs\locale\build\msvc-14.0\debug\threadapi-win32\threading-multi>has_iconv.pdb for lack of <pbin.v2\libs\locale\build\msvc-14.0\debug\threadapi-win32\threading-multi>has_iconv_libc_obj.obj...
...failed updating 1 target...
...skipped 2 targets...
...updated 6 targets...
...found 3 targets...
...updating 3 targets...
compile-c-c++ bin.v2\libs\locale\build\msvc-14.0\debug\threadapi-win32\threading-multi\has_iconv_libc_ext.obj
has_iconv.cpp
libs\locale\src\..\build\has_iconv.cpp(8): fatal error C1083: Non Š possibile aprire il file inclusione: 'iconv.h': No such file or directory

    call "C:\Users\Andrea\AppData\Local\Temp\b2_msvc_14.0_vcvarsall_x86.cmd" >nul
cl /Zm800 -nologo @"bin.v2\libs\locale\build\msvc-14.0\debug\threadapi-win32\threading-multi\has_iconv_libc_ext.obj.rsp" 

...failed compile-c-c++ bin.v2\libs\locale\build\msvc-14.0\debug\threadapi-win32\threading-multi\has_iconv_libc_ext.obj...
...skipped <pbin.v2\libs\locale\build\msvc-14.0\debug\threadapi-win32\threading-multi>has_external_iconv.exe for lack of <pbin.v2\libs\locale\build\msvc-14.0\debug\threadapi-win32\threading-multi>has_iconv_libc_ext.obj...
...skipped <pbin.v2\libs\locale\build\msvc-14.0\debug\threadapi-win32\threading-multi>has_external_iconv.pdb for lack of <pbin.v2\libs\locale\build\msvc-14.0\debug\threadapi-win32\threading-multi>has_iconv_libc_ext.obj...
...failed updating 1 target...
...skipped 2 targets...
...found 5 targets...
...updating 3 targets...
compile-c-c++ bin.v2\libs\locale\build\msvc-14.0\debug\threadapi-win32\threading-multi\has_icu_obj.obj
has_icu_test.cpp
libs\locale\src\..\build\has_icu_test.cpp(12): fatal error C1083: Non Š possibile aprire il file inclusione: 'unicode/uversion.h': No such file or directory

    call "C:\Users\Andrea\AppData\Local\Temp\b2_msvc_14.0_vcvarsall_x86.cmd" >nul
cl /Zm800 -nologo @"bin.v2\libs\locale\build\msvc-14.0\debug\threadapi-win32\threading-multi\has_icu_obj.obj.rsp" 

...failed compile-c-c++ bin.v2\libs\locale\build\msvc-14.0\debug\threadapi-win32\threading-multi\has_icu_obj.obj...
...skipped <pbin.v2\libs\locale\build\msvc-14.0\debug\threadapi-win32\threading-multi>has_icu.exe for lack of <pbin.v2\libs\locale\build\msvc-14.0\debug\threadapi-win32\threading-multi>has_icu_obj.obj...
...skipped <pbin.v2\libs\locale\build\msvc-14.0\debug\threadapi-win32\threading-multi>has_icu.pdb for lack of <pbin.v2\libs\locale\build\msvc-14.0\debug\threadapi-win32\threading-multi>has_icu_obj.obj...
...failed updating 1 target...
...skipped 2 targets...
...found 3 targets...
...updating 3 targets...
compile-c-c++ bin.v2\libs\locale\build\msvc-14.0\debug\threadapi-win32\threading-multi\has_icu64_obj.obj
has_icu_test.cpp
libs\locale\src\..\build\has_icu_test.cpp(12): fatal error C1083: Non Š possibile aprire il file inclusione: 'unicode/uversion.h': No such file or directory

    call "C:\Users\Andrea\AppData\Local\Temp\b2_msvc_14.0_vcvarsall_x86.cmd" >nul
cl /Zm800 -nologo @"bin.v2\libs\locale\build\msvc-14.0\debug\threadapi-win32\threading-multi\has_icu64_obj.obj.rsp" 

...failed compile-c-c++ bin.v2\libs\locale\build\msvc-14.0\debug\threadapi-win32\threading-multi\has_icu64_obj.obj...
...skipped <pbin.v2\libs\locale\build\msvc-14.0\debug\threadapi-win32\threading-multi>has_icu64.exe for lack of <pbin.v2\libs\locale\build\msvc-14.0\debug\threadapi-win32\threading-multi>has_icu64_obj.obj...
...skipped <pbin.v2\libs\locale\build\msvc-14.0\debug\threadapi-win32\threading-multi>has_icu64.pdb for lack of <pbin.v2\libs\locale\build\msvc-14.0\debug\threadapi-win32\threading-multi>has_icu64_obj.obj...
...failed updating 1 target...
...skipped 2 targets...
...patience...
...found 84 targets...
...updating 9 targets...
compile-c-c++ bin.v2\libs\log\config\atomic-int32\msvc-14.0\debug\pch-off\threadapi-win32\threading-multi\atomic_int32.obj
atomic_int32.cpp
...updated 9 targets...
...found 11 targets...
...updating 9 targets...
msvc.compile.mc bin.v2\libs\log\config\message-compiler\msvc-14.0\debug\pch-off\threadapi-win32\threading-multi\simple_event_log.h
MC: Compiling libs\log\src\windows\simple_event_log.mc
msvc.compile.rc bin.v2\libs\log\config\message-compiler\msvc-14.0\debug\pch-off\threadapi-win32\threading-multi\simple_event_log_res.obj
Microsoft (R) Windows (R) Resource Compiler Version 6.3.9600.17336
Copyright (C) Microsoft Corporation.  All rights reserved.

...updated 9 targets...
...found 9 targets...
...updating 7 targets...
compile-c-c++ bin.v2\libs\log\config\native-syslog\msvc-14.0\debug\pch-off\threadapi-win32\threading-multi\native_syslog.obj
native_syslog.cpp
libs\log\config\native-syslog\native_syslog.cpp(8): fatal error C1083: Non Š possibile aprire il file inclusione: 'syslog.h': No such file or directory

    call "C:\Users\Andrea\AppData\Local\Temp\b2_msvc_14.0_vcvarsall_x86.cmd" >nul
cl /Zm800 -nologo @"bin.v2\libs\log\config\native-syslog\msvc-14.0\debug\pch-off\threadapi-win32\threading-multi\native_syslog.obj.rsp" 

...failed compile-c-c++ bin.v2\libs\log\config\native-syslog\msvc-14.0\debug\pch-off\threadapi-win32\threading-multi\native_syslog.obj...
...failed updating 1 target...
...updated 6 targets...
...found 9 targets...
...updating 7 targets...
compile-c-c++ bin.v2\libs\log\config\pthread-mutex-robust\msvc-14.0\debug\pch-off\threadapi-win32\threading-multi\pthread_mutex_robust.obj
pthread_mutex_robust.cpp
libs\log\config\pthread-mutex-robust\pthread_mutex_robust.cpp(9): fatal error C1083: Non Š possibile aprire il file inclusione: 'pthread.h': No such file or directory

    call "C:\Users\Andrea\AppData\Local\Temp\b2_msvc_14.0_vcvarsall_x86.cmd" >nul
cl /Zm800 -nologo @"bin.v2\libs\log\config\pthread-mutex-robust\msvc-14.0\debug\pch-off\threadapi-win32\threading-multi\pthread_mutex_robust.obj.rsp" 

...failed compile-c-c++ bin.v2\libs\log\config\pthread-mutex-robust\msvc-14.0\debug\pch-off\threadapi-win32\threading-multi\pthread_mutex_robust.obj...
...failed updating 1 target...
...updated 6 targets...
...found 8 targets...
...updating 7 targets...
compile-c-c++ bin.v2\libs\log\config\visibility\msvc-14.0\debug\pch-off\threadapi-win32\threading-multi\visibility.obj
cl : warning della riga di comando D9002 : l'opzione sconosciuta '-fvisibility=hidden' verr… ignorata
visibility.cpp
libs\log\config\visibility\visibility.cpp(10): fatal error C1189: #error:  Visibility option is only supported by gcc and compatible compilers

    call "C:\Users\Andrea\AppData\Local\Temp\b2_msvc_14.0_vcvarsall_x86.cmd" >nul
cl /Zm800 -nologo @"bin.v2\libs\log\config\visibility\msvc-14.0\debug\pch-off\threadapi-win32\threading-multi\visibility.obj.rsp" 

...failed compile-c-c++ bin.v2\libs\log\config\visibility\msvc-14.0\debug\pch-off\threadapi-win32\threading-multi\visibility.obj...
...failed updating 1 target...
...updated 6 targets...
...found 9 targets...
...updating 7 targets...
compile-c-c++ bin.v2\libs\log\config\x86-ext\msvc-14.0\debug\pch-off\threadapi-win32\threading-multi\ssse3.obj
ssse3.cpp
...updated 7 targets...
...found 3 targets...
...updating 1 target...
compile-c-c++ bin.v2\libs\log\config\x86-ext\msvc-14.0\debug\pch-off\threadapi-win32\threading-multi\avx2.obj
avx2.cpp
...updated 1 target...
...found 8 targets...
...updating 7 targets...
compile-c-c++ bin.v2\libs\math\config\msvc-14.0\debug\threadapi-win32\threading-multi\has_gcc_visibility.obj
has_gcc_visibility.cpp
libs\math\config\has_gcc_visibility.cpp(7): fatal error C1189: #error:  "This is a GCC specific test case".

    call "C:\Users\Andrea\AppData\Local\Temp\b2_msvc_14.0_vcvarsall_x86.cmd" >nul
cl /Zm800 -nologo @"bin.v2\libs\math\config\msvc-14.0\debug\threadapi-win32\threading-multi\has_gcc_visibility.obj.rsp" 

...failed compile-c-c++ bin.v2\libs\math\config\msvc-14.0\debug\threadapi-win32\threading-multi\has_gcc_visibility.obj...
...failed updating 1 target...
...updated 6 targets...
...found 159 targets...
...updating 1 target...
compile-c-c++ bin.v2\libs\math\config\msvc-14.0\debug\threadapi-win32\threading-multi\has_long_double_support.obj
has_long_double_support.cpp
...updated 1 target...
...found 13 targets...
...updating 10 targets...
compile-c-c++ bin.v2\libs\stacktrace\build\msvc-14.0\debug\threadapi-win32\threading-multi\has_backtrace.obj
has_backtrace.cpp
libs\stacktrace\build\has_backtrace.cpp(7): fatal error C1083: Non Š possibile aprire il file inclusione: 'backtrace.h': No such file or directory

    call "C:\Users\Andrea\AppData\Local\Temp\b2_msvc_14.0_vcvarsall_x86.cmd" >nul
cl /Zm800 -nologo @"bin.v2\libs\stacktrace\build\msvc-14.0\debug\threadapi-win32\threading-multi\has_backtrace.obj.rsp" 

...failed compile-c-c++ bin.v2\libs\stacktrace\build\msvc-14.0\debug\threadapi-win32\threading-multi\has_backtrace.obj...
...skipped <pbin.v2\libs\stacktrace\build\msvc-14.0\debug\threadapi-win32\threading-multi>libbacktrace_exe.exe for lack of <pbin.v2\libs\stacktrace\build\msvc-14.0\debug\threadapi-win32\threading-multi>has_backtrace.obj...
...skipped <pbin.v2\libs\stacktrace\build\msvc-14.0\debug\threadapi-win32\threading-multi>libbacktrace_exe.pdb for lack of <pbin.v2\libs\stacktrace\build\msvc-14.0\debug\threadapi-win32\threading-multi>has_backtrace.obj...
...skipped <pbin.v2\libs\stacktrace\build\msvc-14.0\debug\threadapi-win32\threading-multi>libbacktrace.output for lack of <pbin.v2\libs\stacktrace\build\msvc-14.0\debug\threadapi-win32\threading-multi>libbacktrace_exe.exe...
...failed updating 1 target...
...skipped 3 targets...
...updated 6 targets...
...found 6 targets...
...updating 4 targets...
compile-c-c++ bin.v2\libs\stacktrace\build\msvc-14.0\debug\threadapi-win32\threading-multi\has_addr2line.obj
has_addr2line.cpp
libs\stacktrace\build\has_addr2line.cpp(11): fatal error C1083: Non Š possibile aprire il file inclusione: 'unwind.h': No such file or directory

    call "C:\Users\Andrea\AppData\Local\Temp\b2_msvc_14.0_vcvarsall_x86.cmd" >nul
cl /Zm800 -nologo @"bin.v2\libs\stacktrace\build\msvc-14.0\debug\threadapi-win32\threading-multi\has_addr2line.obj.rsp" 

...failed compile-c-c++ bin.v2\libs\stacktrace\build\msvc-14.0\debug\threadapi-win32\threading-multi\has_addr2line.obj...
...skipped <pbin.v2\libs\stacktrace\build\msvc-14.0\debug\threadapi-win32\threading-multi>addr2line_exe.exe for lack of <pbin.v2\libs\stacktrace\build\msvc-14.0\debug\threadapi-win32\threading-multi>has_addr2line.obj...
...skipped <pbin.v2\libs\stacktrace\build\msvc-14.0\debug\threadapi-win32\threading-multi>addr2line_exe.pdb for lack of <pbin.v2\libs\stacktrace\build\msvc-14.0\debug\threadapi-win32\threading-multi>has_addr2line.obj...
...skipped <pbin.v2\libs\stacktrace\build\msvc-14.0\debug\threadapi-win32\threading-multi>addr2line.output for lack of <pbin.v2\libs\stacktrace\build\msvc-14.0\debug\threadapi-win32\threading-multi>addr2line_exe.exe...
...failed updating 1 target...
...skipped 3 targets...
...found 7 targets...
...updating 4 targets...
compile-c-c++ bin.v2\libs\stacktrace\build\msvc-14.0\debug\threadapi-win32\threading-multi\has_windbg.obj
has_windbg.cpp
msvc.link bin.v2\libs\stacktrace\build\msvc-14.0\debug\threadapi-win32\threading-multi\WinDbg_exe.exe
msvc.manifest bin.v2\libs\stacktrace\build\msvc-14.0\debug\threadapi-win32\threading-multi\WinDbg_exe.exe
Jamfile<C:\Users\Andrea\Desktop\Tesi\boost_1_66_0\libs\stacktrace\build>.mp_simple_run_action bin.v2\libs\stacktrace\build\msvc-14.0\debug\threadapi-win32\threading-multi\WinDbg.output
...updated 4 targets...
...found 5 targets...
...updating 4 targets...
compile-c-c++ bin.v2\libs\stacktrace\build\msvc-14.0\debug\threadapi-win32\threading-multi\has_windbg_cached.obj
has_windbg_cached.cpp
msvc.link bin.v2\libs\stacktrace\build\msvc-14.0\debug\threadapi-win32\threading-multi\WinDbgCached_exe.exe
msvc.manifest bin.v2\libs\stacktrace\build\msvc-14.0\debug\threadapi-win32\threading-multi\WinDbgCached_exe.exe
Jamfile<C:\Users\Andrea\Desktop\Tesi\boost_1_66_0\libs\stacktrace\build>.mp_simple_run_action bin.v2\libs\stacktrace\build\msvc-14.0\debug\threadapi-win32\threading-multi\WinDbgCached.output
...updated 4 targets...
...found 4 targets...
...updating 4 targets...
compile-c-c++ bin.v2\libs\context\build\msvc-14.0\debug\address-model-64\threadapi-win32\threading-multi\cxx11_hdr_mutex_check.obj
cxx11_hdr_mutex.cpp
...updated 4 targets...
...found 4 targets...
...updating 4 targets...
compile-c-c++ bin.v2\libs\config\checks\msvc-14.0\debug\address-model-64\threadapi-win32\threading-multi\cxx11_auto_declarations.obj
test_case.cpp
...updated 4 targets...
...found 1 target...
...updating 1 target...
compile-c-c++ bin.v2\libs\config\checks\msvc-14.0\debug\address-model-64\threadapi-win32\threading-multi\cxx11_constexpr.obj
test_case.cpp
...updated 1 target...
...found 1 target...
...updating 1 target...
compile-c-c++ bin.v2\libs\config\checks\msvc-14.0\debug\address-model-64\threadapi-win32\threading-multi\cxx11_defaulted_functions.obj
test_case.cpp
...updated 1 target...
...found 1 target...
...updating 1 target...
compile-c-c++ bin.v2\libs\config\checks\msvc-14.0\debug\address-model-64\threadapi-win32\threading-multi\cxx11_final.obj
test_case.cpp
...updated 1 target...
...found 1 target...
...updating 1 target...
compile-c-c++ bin.v2\libs\config\checks\msvc-14.0\debug\address-model-64\threadapi-win32\threading-multi\cxx11_hdr_mutex.obj
test_case.cpp
...updated 1 target...
...found 1 target...
...updating 1 target...
compile-c-c++ bin.v2\libs\config\checks\msvc-14.0\debug\address-model-64\threadapi-win32\threading-multi\cxx11_hdr_regex.obj
test_case.cpp
...updated 1 target...
...found 1 target...
...updating 1 target...
compile-c-c++ bin.v2\libs\config\checks\msvc-14.0\debug\address-model-64\threadapi-win32\threading-multi\cxx11_hdr_tuple.obj
test_case.cpp
...updated 1 target...
...found 1 target...
...updating 1 target...
compile-c-c++ bin.v2\libs\config\checks\msvc-14.0\debug\address-model-64\threadapi-win32\threading-multi\cxx11_lambdas.obj
test_case.cpp
...updated 1 target...
...found 1 target...
...updating 1 target...
compile-c-c++ bin.v2\libs\config\checks\msvc-14.0\debug\address-model-64\threadapi-win32\threading-multi\cxx11_noexcept.obj
test_case.cpp
...updated 1 target...
...found 1 target...
...updating 1 target...
compile-c-c++ bin.v2\libs\config\checks\msvc-14.0\debug\address-model-64\threadapi-win32\threading-multi\cxx11_nullptr.obj
test_case.cpp
...updated 1 target...
...found 1 target...
...updating 1 target...
compile-c-c++ bin.v2\libs\config\checks\msvc-14.0\debug\address-model-64\threadapi-win32\threading-multi\cxx11_rvalue_references.obj
test_case.cpp
...updated 1 target...
...found 1 target...
...updating 1 target...
compile-c-c++ bin.v2\libs\config\checks\msvc-14.0\debug\address-model-64\threadapi-win32\threading-multi\cxx11_template_aliases.obj
test_case.cpp
...updated 1 target...
...found 1 target...
...updating 1 target...
compile-c-c++ bin.v2\libs\config\checks\msvc-14.0\debug\address-model-64\threadapi-win32\threading-multi\cxx11_thread_local.obj
test_case.cpp
...updated 1 target...
...found 1 target...
...updating 1 target...
compile-c-c++ bin.v2\libs\config\checks\msvc-14.0\debug\address-model-64\threadapi-win32\threading-multi\cxx11_variadic_templates.obj
test_case.cpp
...updated 1 target...
...found 7 targets...
...updating 7 targets...
compile-c-c++ bin.v2\libs\regex\build\msvc-14.0\debug\address-model-64\threadapi-win32\threading-multi\has_icu_test.obj
has_icu_test.cpp
libs\regex\build\has_icu_test.cpp(12): fatal error C1083: Non Š possibile aprire il file inclusione: 'unicode/uversion.h': No such file or directory

    call "C:\Users\Andrea\AppData\Local\Temp\b2_msvc_14.0_vcvarsall_amd64.cmd" >nul
cl /Zm800 -nologo @"bin.v2\libs\regex\build\msvc-14.0\debug\address-model-64\threadapi-win32\threading-multi\has_icu_test.obj.rsp" 

...failed compile-c-c++ bin.v2\libs\regex\build\msvc-14.0\debug\address-model-64\threadapi-win32\threading-multi\has_icu_test.obj...
...skipped <pbin.v2\libs\regex\build\msvc-14.0\debug\address-model-64\threadapi-win32\threading-multi>has_icu.exe for lack of <pbin.v2\libs\regex\build\msvc-14.0\debug\address-model-64\threadapi-win32\threading-multi>has_icu_test.obj...
...skipped <pbin.v2\libs\regex\build\msvc-14.0\debug\address-model-64\threadapi-win32\threading-multi>has_icu.passed for lack of <pbin.v2\libs\regex\build\msvc-14.0\debug\address-model-64\threadapi-win32\threading-multi>has_icu.exe...
...failed updating 1 target...
...skipped 2 targets...
...updated 3 targets...
...found 6 targets...
...updating 6 targets...
compile-c-c++ bin.v2\standalone\ac\msvc-14.0\release\address-model-64\link-static\runtime-link-static\threadapi-win32\threading-multi\zlib_h.obj
zlib_h.cpp
bin.v2\standalone\ac\zlib_h.cpp(1): fatal error C1083: Non Š possibile aprire il file inclusione: 'zlib.h': No such file or directory

    call "C:\Users\Andrea\AppData\Local\Temp\b2_msvc_14.0_vcvarsall_amd64.cmd" >nul
cl /Zm800 -nologo @"bin.v2\standalone\ac\msvc-14.0\release\address-model-64\link-static\runtime-link-static\threadapi-win32\threading-multi\zlib_h.obj.rsp" 

...failed compile-c-c++ bin.v2\standalone\ac\msvc-14.0\release\address-model-64\link-static\runtime-link-static\threadapi-win32\threading-multi\zlib_h.obj...
...failed updating 1 target...
...updated 5 targets...
...found 2 targets...
...updating 2 targets...
compile-c-c++ bin.v2\standalone\ac\msvc-14.0\release\address-model-64\link-static\runtime-link-static\threadapi-win32\threading-multi\main-z.obj
main-z.cpp
msvc.link bin.v2\standalone\ac\msvc-14.0\release\address-model-64\link-static\runtime-link-static\threadapi-win32\threading-multi\z.exe
LINK : fatal error LNK1181: impossibile aprire il file di input 'z.lib'

        call "C:\Users\Andrea\AppData\Local\Temp\b2_msvc_14.0_vcvarsall_amd64.cmd" >nul
link /NOLOGO /INCREMENTAL:NO /MACHINE:X64 /MANIFEST /subsystem:console /out:"bin.v2\standalone\ac\msvc-14.0\release\address-model-64\link-static\runtime-link-static\threadapi-win32\threading-multi\z.exe"   @"bin.v2\standalone\ac\msvc-14.0\release\address-model-64\link-static\runtime-link-static\threadapi-win32\threading-multi\z.exe.rsp"
        if %ERRORLEVEL% NEQ 0 EXIT %ERRORLEVEL%
    
...failed msvc.link bin.v2\standalone\ac\msvc-14.0\release\address-model-64\link-static\runtime-link-static\threadapi-win32\threading-multi\z.exe...
...failed updating 1 target...
...updated 1 target...
...found 2 targets...
...updating 2 targets...
compile-c-c++ bin.v2\standalone\ac\msvc-14.0\release\address-model-64\link-static\runtime-link-static\threadapi-win32\threading-multi\main-zlib.obj
main-zlib.cpp
msvc.link bin.v2\standalone\ac\msvc-14.0\release\address-model-64\link-static\runtime-link-static\threadapi-win32\threading-multi\zlib.exe
LINK : fatal error LNK1181: impossibile aprire il file di input 'zlib.lib'

        call "C:\Users\Andrea\AppData\Local\Temp\b2_msvc_14.0_vcvarsall_amd64.cmd" >nul
link /NOLOGO /INCREMENTAL:NO /MACHINE:X64 /MANIFEST /subsystem:console /out:"bin.v2\standalone\ac\msvc-14.0\release\address-model-64\link-static\runtime-link-static\threadapi-win32\threading-multi\zlib.exe"   @"bin.v2\standalone\ac\msvc-14.0\release\address-model-64\link-static\runtime-link-static\threadapi-win32\threading-multi\zlib.exe.rsp"
        if %ERRORLEVEL% NEQ 0 EXIT %ERRORLEVEL%
    
...failed msvc.link bin.v2\standalone\ac\msvc-14.0\release\address-model-64\link-static\runtime-link-static\threadapi-win32\threading-multi\zlib.exe...
...failed updating 1 target...
...updated 1 target...
...found 2 targets...
...updating 2 targets...
compile-c-c++ bin.v2\standalone\ac\msvc-14.0\release\address-model-64\link-static\runtime-link-static\threadapi-win32\threading-multi\main-zll.obj
main-zll.cpp
msvc.link bin.v2\standalone\ac\msvc-14.0\release\address-model-64\link-static\runtime-link-static\threadapi-win32\threading-multi\zll.exe
LINK : fatal error LNK1181: impossibile aprire il file di input 'zll.lib'

        call "C:\Users\Andrea\AppData\Local\Temp\b2_msvc_14.0_vcvarsall_amd64.cmd" >nul
link /NOLOGO /INCREMENTAL:NO /MACHINE:X64 /MANIFEST /subsystem:console /out:"bin.v2\standalone\ac\msvc-14.0\release\address-model-64\link-static\runtime-link-static\threadapi-win32\threading-multi\zll.exe"   @"bin.v2\standalone\ac\msvc-14.0\release\address-model-64\link-static\runtime-link-static\threadapi-win32\threading-multi\zll.exe.rsp"
        if %ERRORLEVEL% NEQ 0 EXIT %ERRORLEVEL%
    
...failed msvc.link bin.v2\standalone\ac\msvc-14.0\release\address-model-64\link-static\runtime-link-static\threadapi-win32\threading-multi\zll.exe...
...failed updating 1 target...
...updated 1 target...
...found 2 targets...
...updating 2 targets...
compile-c-c++ bin.v2\standalone\ac\msvc-14.0\release\address-model-64\link-static\runtime-link-static\threadapi-win32\threading-multi\main-zdll.obj
main-zdll.cpp
msvc.link bin.v2\standalone\ac\msvc-14.0\release\address-model-64\link-static\runtime-link-static\threadapi-win32\threading-multi\zdll.exe
LINK : fatal error LNK1181: impossibile aprire il file di input 'zdll.lib'

        call "C:\Users\Andrea\AppData\Local\Temp\b2_msvc_14.0_vcvarsall_amd64.cmd" >nul
link /NOLOGO /INCREMENTAL:NO /MACHINE:X64 /MANIFEST /subsystem:console /out:"bin.v2\standalone\ac\msvc-14.0\release\address-model-64\link-static\runtime-link-static\threadapi-win32\threading-multi\zdll.exe"   @"bin.v2\standalone\ac\msvc-14.0\release\address-model-64\link-static\runtime-link-static\threadapi-win32\threading-multi\zdll.exe.rsp"
        if %ERRORLEVEL% NEQ 0 EXIT %ERRORLEVEL%
    
...failed msvc.link bin.v2\standalone\ac\msvc-14.0\release\address-model-64\link-static\runtime-link-static\threadapi-win32\threading-multi\zdll.exe...
...failed updating 1 target...
...updated 1 target...
...found 5 targets...
...updating 5 targets...
compile-c-c++ bin.v2\standalone\ac\msvc-14.0\release\address-model-64\runtime-link-static\threadapi-win32\threading-multi\main-z.obj
main-z.cpp
msvc.link bin.v2\standalone\ac\msvc-14.0\release\address-model-64\runtime-link-static\threadapi-win32\threading-multi\z.exe
LINK : fatal error LNK1181: impossibile aprire il file di input 'z.lib'

        call "C:\Users\Andrea\AppData\Local\Temp\b2_msvc_14.0_vcvarsall_amd64.cmd" >nul
link /NOLOGO /INCREMENTAL:NO /MACHINE:X64 /MANIFEST /subsystem:console /out:"bin.v2\standalone\ac\msvc-14.0\release\address-model-64\runtime-link-static\threadapi-win32\threading-multi\z.exe"   @"bin.v2\standalone\ac\msvc-14.0\release\address-model-64\runtime-link-static\threadapi-win32\threading-multi\z.exe.rsp"
        if %ERRORLEVEL% NEQ 0 EXIT %ERRORLEVEL%
    
...failed msvc.link bin.v2\standalone\ac\msvc-14.0\release\address-model-64\runtime-link-static\threadapi-win32\threading-multi\z.exe...
...failed updating 1 target...
...updated 4 targets...
...found 2 targets...
...updating 2 targets...
compile-c-c++ bin.v2\standalone\ac\msvc-14.0\release\address-model-64\runtime-link-static\threadapi-win32\threading-multi\main-zlib.obj
main-zlib.cpp
msvc.link bin.v2\standalone\ac\msvc-14.0\release\address-model-64\runtime-link-static\threadapi-win32\threading-multi\zlib.exe
LINK : fatal error LNK1181: impossibile aprire il file di input 'zlib.lib'

        call "C:\Users\Andrea\AppData\Local\Temp\b2_msvc_14.0_vcvarsall_amd64.cmd" >nul
link /NOLOGO /INCREMENTAL:NO /MACHINE:X64 /MANIFEST /subsystem:console /out:"bin.v2\standalone\ac\msvc-14.0\release\address-model-64\runtime-link-static\threadapi-win32\threading-multi\zlib.exe"   @"bin.v2\standalone\ac\msvc-14.0\release\address-model-64\runtime-link-static\threadapi-win32\threading-multi\zlib.exe.rsp"
        if %ERRORLEVEL% NEQ 0 EXIT %ERRORLEVEL%
    
...failed msvc.link bin.v2\standalone\ac\msvc-14.0\release\address-model-64\runtime-link-static\threadapi-win32\threading-multi\zlib.exe...
...failed updating 1 target...
...updated 1 target...
...found 2 targets...
...updating 2 targets...
compile-c-c++ bin.v2\standalone\ac\msvc-14.0\release\address-model-64\runtime-link-static\threadapi-win32\threading-multi\main-zll.obj
main-zll.cpp
msvc.link bin.v2\standalone\ac\msvc-14.0\release\address-model-64\runtime-link-static\threadapi-win32\threading-multi\zll.exe
LINK : fatal error LNK1181: impossibile aprire il file di input 'zll.lib'

        call "C:\Users\Andrea\AppData\Local\Temp\b2_msvc_14.0_vcvarsall_amd64.cmd" >nul
link /NOLOGO /INCREMENTAL:NO /MACHINE:X64 /MANIFEST /subsystem:console /out:"bin.v2\standalone\ac\msvc-14.0\release\address-model-64\runtime-link-static\threadapi-win32\threading-multi\zll.exe"   @"bin.v2\standalone\ac\msvc-14.0\release\address-model-64\runtime-link-static\threadapi-win32\threading-multi\zll.exe.rsp"
        if %ERRORLEVEL% NEQ 0 EXIT %ERRORLEVEL%
    
...failed msvc.link bin.v2\standalone\ac\msvc-14.0\release\address-model-64\runtime-link-static\threadapi-win32\threading-multi\zll.exe...
...failed updating 1 target...
...updated 1 target...
...found 2 targets...
...updating 2 targets...
compile-c-c++ bin.v2\standalone\ac\msvc-14.0\release\address-model-64\runtime-link-static\threadapi-win32\threading-multi\main-zdll.obj
main-zdll.cpp
msvc.link bin.v2\standalone\ac\msvc-14.0\release\address-model-64\runtime-link-static\threadapi-win32\threading-multi\zdll.exe
LINK : fatal error LNK1181: impossibile aprire il file di input 'zdll.lib'

        call "C:\Users\Andrea\AppData\Local\Temp\b2_msvc_14.0_vcvarsall_amd64.cmd" >nul
link /NOLOGO /INCREMENTAL:NO /MACHINE:X64 /MANIFEST /subsystem:console /out:"bin.v2\standalone\ac\msvc-14.0\release\address-model-64\runtime-link-static\threadapi-win32\threading-multi\zdll.exe"   @"bin.v2\standalone\ac\msvc-14.0\release\address-model-64\runtime-link-static\threadapi-win32\threading-multi\zdll.exe.rsp"
        if %ERRORLEVEL% NEQ 0 EXIT %ERRORLEVEL%
    
...failed msvc.link bin.v2\standalone\ac\msvc-14.0\release\address-model-64\runtime-link-static\threadapi-win32\threading-multi\zdll.exe...
...failed updating 1 target...
...updated 1 target...
...found 1 target...
...updating 1 target...
compile-c-c++ bin.v2\standalone\ac\msvc-14.0\release\address-model-64\link-static\runtime-link-static\threadapi-win32\threading-multi\bzlib_h.obj
bzlib_h.cpp
bin.v2\standalone\ac\bzlib_h.cpp(1): fatal error C1083: Non Š possibile aprire il file inclusione: 'bzlib.h': No such file or directory

    call "C:\Users\Andrea\AppData\Local\Temp\b2_msvc_14.0_vcvarsall_amd64.cmd" >nul
cl /Zm800 -nologo @"bin.v2\standalone\ac\msvc-14.0\release\address-model-64\link-static\runtime-link-static\threadapi-win32\threading-multi\bzlib_h.obj.rsp" 

...failed compile-c-c++ bin.v2\standalone\ac\msvc-14.0\release\address-model-64\link-static\runtime-link-static\threadapi-win32\threading-multi\bzlib_h.obj...
...failed updating 1 target...
...found 2 targets...
...updating 2 targets...
compile-c-c++ bin.v2\standalone\ac\msvc-14.0\release\address-model-64\link-static\runtime-link-static\threadapi-win32\threading-multi\main-bz2.obj
main-bz2.cpp
msvc.link bin.v2\standalone\ac\msvc-14.0\release\address-model-64\link-static\runtime-link-static\threadapi-win32\threading-multi\bz2.exe
LINK : fatal error LNK1181: impossibile aprire il file di input 'bz2.lib'

        call "C:\Users\Andrea\AppData\Local\Temp\b2_msvc_14.0_vcvarsall_amd64.cmd" >nul
link /NOLOGO /INCREMENTAL:NO /MACHINE:X64 /MANIFEST /subsystem:console /out:"bin.v2\standalone\ac\msvc-14.0\release\address-model-64\link-static\runtime-link-static\threadapi-win32\threading-multi\bz2.exe"   @"bin.v2\standalone\ac\msvc-14.0\release\address-model-64\link-static\runtime-link-static\threadapi-win32\threading-multi\bz2.exe.rsp"
        if %ERRORLEVEL% NEQ 0 EXIT %ERRORLEVEL%
    
...failed msvc.link bin.v2\standalone\ac\msvc-14.0\release\address-model-64\link-static\runtime-link-static\threadapi-win32\threading-multi\bz2.exe...
...failed updating 1 target...
...updated 1 target...
...found 2 targets...
...updating 2 targets...
compile-c-c++ bin.v2\standalone\ac\msvc-14.0\release\address-model-64\runtime-link-static\threadapi-win32\threading-multi\main-bz2.obj
main-bz2.cpp
msvc.link bin.v2\standalone\ac\msvc-14.0\release\address-model-64\runtime-link-static\threadapi-win32\threading-multi\bz2.exe
LINK : fatal error LNK1181: impossibile aprire il file di input 'bz2.lib'

        call "C:\Users\Andrea\AppData\Local\Temp\b2_msvc_14.0_vcvarsall_amd64.cmd" >nul
link /NOLOGO /INCREMENTAL:NO /MACHINE:X64 /MANIFEST /subsystem:console /out:"bin.v2\standalone\ac\msvc-14.0\release\address-model-64\runtime-link-static\threadapi-win32\threading-multi\bz2.exe"   @"bin.v2\standalone\ac\msvc-14.0\release\address-model-64\runtime-link-static\threadapi-win32\threading-multi\bz2.exe.rsp"
        if %ERRORLEVEL% NEQ 0 EXIT %ERRORLEVEL%
    
...failed msvc.link bin.v2\standalone\ac\msvc-14.0\release\address-model-64\runtime-link-static\threadapi-win32\threading-multi\bz2.exe...
...failed updating 1 target...
...updated 1 target...
...found 1 target...
...updating 1 target...
compile-c-c++ bin.v2\standalone\ac\msvc-14.0\release\address-model-64\link-static\runtime-link-static\threadapi-win32\threading-multi\lzma_h.obj
lzma_h.cpp
bin.v2\standalone\ac\lzma_h.cpp(1): fatal error C1083: Non Š possibile aprire il file inclusione: 'lzma.h': No such file or directory

    call "C:\Users\Andrea\AppData\Local\Temp\b2_msvc_14.0_vcvarsall_amd64.cmd" >nul
cl /Zm800 -nologo @"bin.v2\standalone\ac\msvc-14.0\release\address-model-64\link-static\runtime-link-static\threadapi-win32\threading-multi\lzma_h.obj.rsp" 

...failed compile-c-c++ bin.v2\standalone\ac\msvc-14.0\release\address-model-64\link-static\runtime-link-static\threadapi-win32\threading-multi\lzma_h.obj...
...failed updating 1 target...
...found 2 targets...
...updating 2 targets...
compile-c-c++ bin.v2\standalone\ac\msvc-14.0\release\address-model-64\link-static\runtime-link-static\threadapi-win32\threading-multi\main-lzma.obj
main-lzma.cpp
msvc.link bin.v2\standalone\ac\msvc-14.0\release\address-model-64\link-static\runtime-link-static\threadapi-win32\threading-multi\lzma.exe
LINK : fatal error LNK1181: impossibile aprire il file di input 'lzma.lib'

        call "C:\Users\Andrea\AppData\Local\Temp\b2_msvc_14.0_vcvarsall_amd64.cmd" >nul
link /NOLOGO /INCREMENTAL:NO /MACHINE:X64 /MANIFEST /subsystem:console /out:"bin.v2\standalone\ac\msvc-14.0\release\address-model-64\link-static\runtime-link-static\threadapi-win32\threading-multi\lzma.exe"   @"bin.v2\standalone\ac\msvc-14.0\release\address-model-64\link-static\runtime-link-static\threadapi-win32\threading-multi\lzma.exe.rsp"
        if %ERRORLEVEL% NEQ 0 EXIT %ERRORLEVEL%
    
...failed msvc.link bin.v2\standalone\ac\msvc-14.0\release\address-model-64\link-static\runtime-link-static\threadapi-win32\threading-multi\lzma.exe...
...failed updating 1 target...
...updated 1 target...
...found 2 targets...
...updating 2 targets...
compile-c-c++ bin.v2\standalone\ac\msvc-14.0\release\address-model-64\runtime-link-static\threadapi-win32\threading-multi\main-lzma.obj
main-lzma.cpp
msvc.link bin.v2\standalone\ac\msvc-14.0\release\address-model-64\runtime-link-static\threadapi-win32\threading-multi\lzma.exe
LINK : fatal error LNK1181: impossibile aprire il file di input 'lzma.lib'

        call "C:\Users\Andrea\AppData\Local\Temp\b2_msvc_14.0_vcvarsall_amd64.cmd" >nul
link /NOLOGO /INCREMENTAL:NO /MACHINE:X64 /MANIFEST /subsystem:console /out:"bin.v2\standalone\ac\msvc-14.0\release\address-model-64\runtime-link-static\threadapi-win32\threading-multi\lzma.exe"   @"bin.v2\standalone\ac\msvc-14.0\release\address-model-64\runtime-link-static\threadapi-win32\threading-multi\lzma.exe.rsp"
        if %ERRORLEVEL% NEQ 0 EXIT %ERRORLEVEL%
    
...failed msvc.link bin.v2\standalone\ac\msvc-14.0\release\address-model-64\runtime-link-static\threadapi-win32\threading-multi\lzma.exe...
...failed updating 1 target...
...updated 1 target...
...found 6 targets...
...updating 6 targets...
compile-c-c++ bin.v2\libs\locale\build\msvc-14.0\debug\address-model-64\threadapi-win32\threading-multi\has_iconv_libc_obj.obj
has_iconv.cpp
libs\locale\src\..\build\has_iconv.cpp(8): fatal error C1083: Non Š possibile aprire il file inclusione: 'iconv.h': No such file or directory

    call "C:\Users\Andrea\AppData\Local\Temp\b2_msvc_14.0_vcvarsall_amd64.cmd" >nul
cl /Zm800 -nologo @"bin.v2\libs\locale\build\msvc-14.0\debug\address-model-64\threadapi-win32\threading-multi\has_iconv_libc_obj.obj.rsp" 

...failed compile-c-c++ bin.v2\libs\locale\build\msvc-14.0\debug\address-model-64\threadapi-win32\threading-multi\has_iconv_libc_obj.obj...
...skipped <pbin.v2\libs\locale\build\msvc-14.0\debug\address-model-64\threadapi-win32\threading-multi>has_iconv.exe for lack of <pbin.v2\libs\locale\build\msvc-14.0\debug\address-model-64\threadapi-win32\threading-multi>has_iconv_libc_obj.obj...
...skipped <pbin.v2\libs\locale\build\msvc-14.0\debug\address-model-64\threadapi-win32\threading-multi>has_iconv.pdb for lack of <pbin.v2\libs\locale\build\msvc-14.0\debug\address-model-64\threadapi-win32\threading-multi>has_iconv_libc_obj.obj...
...failed updating 1 target...
...skipped 2 targets...
...updated 3 targets...
...found 3 targets...
...updating 3 targets...
compile-c-c++ bin.v2\libs\locale\build\msvc-14.0\debug\address-model-64\threadapi-win32\threading-multi\has_iconv_libc_ext.obj
has_iconv.cpp
libs\locale\src\..\build\has_iconv.cpp(8): fatal error C1083: Non Š possibile aprire il file inclusione: 'iconv.h': No such file or directory

    call "C:\Users\Andrea\AppData\Local\Temp\b2_msvc_14.0_vcvarsall_amd64.cmd" >nul
cl /Zm800 -nologo @"bin.v2\libs\locale\build\msvc-14.0\debug\address-model-64\threadapi-win32\threading-multi\has_iconv_libc_ext.obj.rsp" 

...failed compile-c-c++ bin.v2\libs\locale\build\msvc-14.0\debug\address-model-64\threadapi-win32\threading-multi\has_iconv_libc_ext.obj...
...skipped <pbin.v2\libs\locale\build\msvc-14.0\debug\address-model-64\threadapi-win32\threading-multi>has_external_iconv.exe for lack of <pbin.v2\libs\locale\build\msvc-14.0\debug\address-model-64\threadapi-win32\threading-multi>has_iconv_libc_ext.obj...
...skipped <pbin.v2\libs\locale\build\msvc-14.0\debug\address-model-64\threadapi-win32\threading-multi>has_external_iconv.pdb for lack of <pbin.v2\libs\locale\build\msvc-14.0\debug\address-model-64\threadapi-win32\threading-multi>has_iconv_libc_ext.obj...
...failed updating 1 target...
...skipped 2 targets...
...found 3 targets...
...updating 3 targets...
compile-c-c++ bin.v2\libs\locale\build\msvc-14.0\debug\address-model-64\threadapi-win32\threading-multi\has_icu_obj.obj
has_icu_test.cpp
libs\locale\src\..\build\has_icu_test.cpp(12): fatal error C1083: Non Š possibile aprire il file inclusione: 'unicode/uversion.h': No such file or directory

    call "C:\Users\Andrea\AppData\Local\Temp\b2_msvc_14.0_vcvarsall_amd64.cmd" >nul
cl /Zm800 -nologo @"bin.v2\libs\locale\build\msvc-14.0\debug\address-model-64\threadapi-win32\threading-multi\has_icu_obj.obj.rsp" 

...failed compile-c-c++ bin.v2\libs\locale\build\msvc-14.0\debug\address-model-64\threadapi-win32\threading-multi\has_icu_obj.obj...
...skipped <pbin.v2\libs\locale\build\msvc-14.0\debug\address-model-64\threadapi-win32\threading-multi>has_icu.exe for lack of <pbin.v2\libs\locale\build\msvc-14.0\debug\address-model-64\threadapi-win32\threading-multi>has_icu_obj.obj...
...skipped <pbin.v2\libs\locale\build\msvc-14.0\debug\address-model-64\threadapi-win32\threading-multi>has_icu.pdb for lack of <pbin.v2\libs\locale\build\msvc-14.0\debug\address-model-64\threadapi-win32\threading-multi>has_icu_obj.obj...
...failed updating 1 target...
...skipped 2 targets...
...found 3 targets...
...updating 3 targets...
compile-c-c++ bin.v2\libs\locale\build\msvc-14.0\debug\address-model-64\threadapi-win32\threading-multi\has_icu64_obj.obj
has_icu_test.cpp
libs\locale\src\..\build\has_icu_test.cpp(12): fatal error C1083: Non Š possibile aprire il file inclusione: 'unicode/uversion.h': No such file or directory

    call "C:\Users\Andrea\AppData\Local\Temp\b2_msvc_14.0_vcvarsall_amd64.cmd" >nul
cl /Zm800 -nologo @"bin.v2\libs\locale\build\msvc-14.0\debug\address-model-64\threadapi-win32\threading-multi\has_icu64_obj.obj.rsp" 

...failed compile-c-c++ bin.v2\libs\locale\build\msvc-14.0\debug\address-model-64\threadapi-win32\threading-multi\has_icu64_obj.obj...
...skipped <pbin.v2\libs\locale\build\msvc-14.0\debug\address-model-64\threadapi-win32\threading-multi>has_icu64.exe for lack of <pbin.v2\libs\locale\build\msvc-14.0\debug\address-model-64\threadapi-win32\threading-multi>has_icu64_obj.obj...
...skipped <pbin.v2\libs\locale\build\msvc-14.0\debug\address-model-64\threadapi-win32\threading-multi>has_icu64.pdb for lack of <pbin.v2\libs\locale\build\msvc-14.0\debug\address-model-64\threadapi-win32\threading-multi>has_icu64_obj.obj...
...failed updating 1 target...
...skipped 2 targets...
...found 5 targets...
...updating 5 targets...
compile-c-c++ bin.v2\libs\log\config\atomic-int32\msvc-14.0\debug\address-model-64\pch-off\threadapi-win32\threading-multi\atomic_int32.obj
atomic_int32.cpp
...updated 5 targets...
...found 8 targets...
...updating 7 targets...
msvc.compile.mc bin.v2\libs\log\config\message-compiler\msvc-14.0\debug\address-model-64\pch-off\threadapi-win32\threading-multi\simple_event_log.h
MC: Compiling libs\log\src\windows\simple_event_log.mc
msvc.compile.rc bin.v2\libs\log\config\message-compiler\msvc-14.0\debug\address-model-64\pch-off\threadapi-win32\threading-multi\simple_event_log_res.obj
Microsoft (R) Windows (R) Resource Compiler Version 6.3.9600.17336
Copyright (C) Microsoft Corporation.  All rights reserved.

...updated 7 targets...
...found 5 targets...
...updating 5 targets...
compile-c-c++ bin.v2\libs\log\config\native-syslog\msvc-14.0\debug\address-model-64\pch-off\threadapi-win32\threading-multi\native_syslog.obj
native_syslog.cpp
libs\log\config\native-syslog\native_syslog.cpp(8): fatal error C1083: Non Š possibile aprire il file inclusione: 'syslog.h': No such file or directory

    call "C:\Users\Andrea\AppData\Local\Temp\b2_msvc_14.0_vcvarsall_amd64.cmd" >nul
cl /Zm800 -nologo @"bin.v2\libs\log\config\native-syslog\msvc-14.0\debug\address-model-64\pch-off\threadapi-win32\threading-multi\native_syslog.obj.rsp" 

...failed compile-c-c++ bin.v2\libs\log\config\native-syslog\msvc-14.0\debug\address-model-64\pch-off\threadapi-win32\threading-multi\native_syslog.obj...
...failed updating 1 target...
...updated 4 targets...
...found 5 targets...
...updating 5 targets...
compile-c-c++ bin.v2\libs\log\config\pthread-mutex-robust\msvc-14.0\debug\address-model-64\pch-off\threadapi-win32\threading-multi\pthread_mutex_robust.obj
pthread_mutex_robust.cpp
libs\log\config\pthread-mutex-robust\pthread_mutex_robust.cpp(9): fatal error C1083: Non Š possibile aprire il file inclusione: 'pthread.h': No such file or directory

    call "C:\Users\Andrea\AppData\Local\Temp\b2_msvc_14.0_vcvarsall_amd64.cmd" >nul
cl /Zm800 -nologo @"bin.v2\libs\log\config\pthread-mutex-robust\msvc-14.0\debug\address-model-64\pch-off\threadapi-win32\threading-multi\pthread_mutex_robust.obj.rsp" 

...failed compile-c-c++ bin.v2\libs\log\config\pthread-mutex-robust\msvc-14.0\debug\address-model-64\pch-off\threadapi-win32\threading-multi\pthread_mutex_robust.obj...
...failed updating 1 target...
...updated 4 targets...
...found 5 targets...
...updating 5 targets...
compile-c-c++ bin.v2\libs\log\config\visibility\msvc-14.0\debug\address-model-64\pch-off\threadapi-win32\threading-multi\visibility.obj
cl : warning della riga di comando D9002 : l'opzione sconosciuta '-fvisibility=hidden' verr… ignorata
visibility.cpp
libs\log\config\visibility\visibility.cpp(10): fatal error C1189: #error:  Visibility option is only supported by gcc and compatible compilers

    call "C:\Users\Andrea\AppData\Local\Temp\b2_msvc_14.0_vcvarsall_amd64.cmd" >nul
cl /Zm800 -nologo @"bin.v2\libs\log\config\visibility\msvc-14.0\debug\address-model-64\pch-off\threadapi-win32\threading-multi\visibility.obj.rsp" 

...failed compile-c-c++ bin.v2\libs\log\config\visibility\msvc-14.0\debug\address-model-64\pch-off\threadapi-win32\threading-multi\visibility.obj...
...failed updating 1 target...
...updated 4 targets...
...found 5 targets...
...updating 5 targets...
compile-c-c++ bin.v2\libs\log\config\x86-ext\msvc-14.0\debug\address-model-64\pch-off\threadapi-win32\threading-multi\ssse3.obj
ssse3.cpp
...updated 5 targets...
...found 1 target...
...updating 1 target...
compile-c-c++ bin.v2\libs\log\config\x86-ext\msvc-14.0\debug\address-model-64\pch-off\threadapi-win32\threading-multi\avx2.obj
avx2.cpp
...updated 1 target...
...found 4 targets...
...updating 4 targets...
compile-c-c++ bin.v2\libs\math\config\msvc-14.0\debug\address-model-64\threadapi-win32\threading-multi\has_gcc_visibility.obj
has_gcc_visibility.cpp
libs\math\config\has_gcc_visibility.cpp(7): fatal error C1189: #error:  "This is a GCC specific test case".

    call "C:\Users\Andrea\AppData\Local\Temp\b2_msvc_14.0_vcvarsall_amd64.cmd" >nul
cl /Zm800 -nologo @"bin.v2\libs\math\config\msvc-14.0\debug\address-model-64\threadapi-win32\threading-multi\has_gcc_visibility.obj.rsp" 

...failed compile-c-c++ bin.v2\libs\math\config\msvc-14.0\debug\address-model-64\threadapi-win32\threading-multi\has_gcc_visibility.obj...
...failed updating 1 target...
...updated 3 targets...
...found 1 target...
...updating 1 target...
compile-c-c++ bin.v2\libs\math\config\msvc-14.0\debug\address-model-64\threadapi-win32\threading-multi\has_long_double_support.obj
has_long_double_support.cpp
...updated 1 target...
...found 7 targets...
...updating 7 targets...
compile-c-c++ bin.v2\libs\stacktrace\build\msvc-14.0\debug\address-model-64\threadapi-win32\threading-multi\has_backtrace.obj
has_backtrace.cpp
libs\stacktrace\build\has_backtrace.cpp(7): fatal error C1083: Non Š possibile aprire il file inclusione: 'backtrace.h': No such file or directory

    call "C:\Users\Andrea\AppData\Local\Temp\b2_msvc_14.0_vcvarsall_amd64.cmd" >nul
cl /Zm800 -nologo @"bin.v2\libs\stacktrace\build\msvc-14.0\debug\address-model-64\threadapi-win32\threading-multi\has_backtrace.obj.rsp" 

...failed compile-c-c++ bin.v2\libs\stacktrace\build\msvc-14.0\debug\address-model-64\threadapi-win32\threading-multi\has_backtrace.obj...
...skipped <pbin.v2\libs\stacktrace\build\msvc-14.0\debug\address-model-64\threadapi-win32\threading-multi>libbacktrace_exe.exe for lack of <pbin.v2\libs\stacktrace\build\msvc-14.0\debug\address-model-64\threadapi-win32\threading-multi>has_backtrace.obj...
...skipped <pbin.v2\libs\stacktrace\build\msvc-14.0\debug\address-model-64\threadapi-win32\threading-multi>libbacktrace_exe.pdb for lack of <pbin.v2\libs\stacktrace\build\msvc-14.0\debug\address-model-64\threadapi-win32\threading-multi>has_backtrace.obj...
...skipped <pbin.v2\libs\stacktrace\build\msvc-14.0\debug\address-model-64\threadapi-win32\threading-multi>libbacktrace.output for lack of <pbin.v2\libs\stacktrace\build\msvc-14.0\debug\address-model-64\threadapi-win32\threading-multi>libbacktrace_exe.exe...
...failed updating 1 target...
...skipped 3 targets...
...updated 3 targets...
...found 4 targets...
...updating 4 targets...
compile-c-c++ bin.v2\libs\stacktrace\build\msvc-14.0\debug\address-model-64\threadapi-win32\threading-multi\has_addr2line.obj
has_addr2line.cpp
libs\stacktrace\build\has_addr2line.cpp(11): fatal error C1083: Non Š possibile aprire il file inclusione: 'unwind.h': No such file or directory

    call "C:\Users\Andrea\AppData\Local\Temp\b2_msvc_14.0_vcvarsall_amd64.cmd" >nul
cl /Zm800 -nologo @"bin.v2\libs\stacktrace\build\msvc-14.0\debug\address-model-64\threadapi-win32\threading-multi\has_addr2line.obj.rsp" 

...failed compile-c-c++ bin.v2\libs\stacktrace\build\msvc-14.0\debug\address-model-64\threadapi-win32\threading-multi\has_addr2line.obj...
...skipped <pbin.v2\libs\stacktrace\build\msvc-14.0\debug\address-model-64\threadapi-win32\threading-multi>addr2line_exe.exe for lack of <pbin.v2\libs\stacktrace\build\msvc-14.0\debug\address-model-64\threadapi-win32\threading-multi>has_addr2line.obj...
...skipped <pbin.v2\libs\stacktrace\build\msvc-14.0\debug\address-model-64\threadapi-win32\threading-multi>addr2line_exe.pdb for lack of <pbin.v2\libs\stacktrace\build\msvc-14.0\debug\address-model-64\threadapi-win32\threading-multi>has_addr2line.obj...
...skipped <pbin.v2\libs\stacktrace\build\msvc-14.0\debug\address-model-64\threadapi-win32\threading-multi>addr2line.output for lack of <pbin.v2\libs\stacktrace\build\msvc-14.0\debug\address-model-64\threadapi-win32\threading-multi>addr2line_exe.exe...
...failed updating 1 target...
...skipped 3 targets...
...found 4 targets...
...updating 4 targets...
compile-c-c++ bin.v2\libs\stacktrace\build\msvc-14.0\debug\address-model-64\threadapi-win32\threading-multi\has_windbg.obj
has_windbg.cpp
msvc.link bin.v2\libs\stacktrace\build\msvc-14.0\debug\address-model-64\threadapi-win32\threading-multi\WinDbg_exe.exe
msvc.manifest bin.v2\libs\stacktrace\build\msvc-14.0\debug\address-model-64\threadapi-win32\threading-multi\WinDbg_exe.exe
Jamfile<C:\Users\Andrea\Desktop\Tesi\boost_1_66_0\libs\stacktrace\build>.mp_simple_run_action bin.v2\libs\stacktrace\build\msvc-14.0\debug\address-model-64\threadapi-win32\threading-multi\WinDbg.output
...updated 4 targets...
...found 4 targets...
...updating 4 targets...
compile-c-c++ bin.v2\libs\stacktrace\build\msvc-14.0\debug\address-model-64\threadapi-win32\threading-multi\has_windbg_cached.obj
has_windbg_cached.cpp
libs\stacktrace\build\has_windbg_cached.cpp(21): warning C4267: 'return': conversione da 'size_t' a 'int'. Possibile perdita di dati.
msvc.link bin.v2\libs\stacktrace\build\msvc-14.0\debug\address-model-64\threadapi-win32\threading-multi\WinDbgCached_exe.exe
msvc.manifest bin.v2\libs\stacktrace\build\msvc-14.0\debug\address-model-64\threadapi-win32\threading-multi\WinDbgCached_exe.exe
Jamfile<C:\Users\Andrea\Desktop\Tesi\boost_1_66_0\libs\stacktrace\build>.mp_simple_run_action bin.v2\libs\stacktrace\build\msvc-14.0\debug\address-model-64\threadapi-win32\threading-multi\WinDbgCached.output
...updated 4 targets...
...found 1 target...
...updating 1 target...
config-cache.write bin.v2\project-cache.jam
...updated 1 target...
